{
  "stats": {
    "suites": 1,
    "tests": 1,
    "passes": 1,
    "pending": 0,
    "failures": 0,
    "start": "2023-07-17T06:14:31.289Z",
    "end": "2023-07-17T06:14:56.097Z",
    "duration": 24808,
    "testsRegistered": 1,
    "passPercent": 100,
    "pendingPercent": 0,
    "other": 0,
    "hasOther": false,
    "skipped": 0,
    "hasSkipped": false
  },
  "results": [
    {
      "uuid": "e08bc85b-741b-467f-85d4-3589c2d68a9a",
      "title": "",
      "fullFile": "cypress\\e2e\\login.cy.js",
      "file": "cypress\\e2e\\login.cy.js",
      "beforeHooks": [],
      "afterHooks": [],
      "tests": [],
      "suites": [
        {
          "uuid": "1918a2ea-cbda-4b9d-80ad-983a28b4e6ed",
          "title": "Sample Test Suite",
          "fullFile": "",
          "file": "",
          "beforeHooks": [],
          "afterHooks": [],
          "tests": [
            {
              "title": "Login Functionality",
              "fullTitle": "Sample Test Suite Login Functionality",
              "timedOut": null,
              "duration": 5605,
              "state": "passed",
              "speed": "medium",
              "pass": true,
              "fail": false,
              "pending": false,
              "context": null,
              "code": "_loginPage.onLoginPage.loginToApp(Cypress.env(environment).username, Cypress.env(environment).password);",
              "err": {},
              "uuid": "73883da5-1e8c-4199-9d67-fd4a9b6a0491",
              "parentUUID": "1918a2ea-cbda-4b9d-80ad-983a28b4e6ed",
              "isHook": false,
              "skipped": false
            }
          ],
          "suites": [],
          "passes": [
            "73883da5-1e8c-4199-9d67-fd4a9b6a0491"
          ],
          "failures": [],
          "pending": [],
          "skipped": [],
          "duration": 5605,
          "root": false,
          "rootEmpty": false,
          "_timeout": 2000
        }
      ],
      "passes": [],
      "failures": [],
      "pending": [],
      "skipped": [],
      "duration": 0,
      "root": true,
      "rootEmpty": true,
      "_timeout": 2000
    }
  ],
  "meta": {
    "mocha": {
      "version": "7.0.1"
    },
    "mochawesome": {
      "options": {
        "quiet": false,
        "reportFilename": "mochawesome",
        "saveHtml": true,
        "saveJson": true,
        "consoleReporter": "spec",
        "useInlineDiffs": false,
        "code": true
      },
      "version": "7.1.3"
    },
    "marge": {
      "options": {
        "reportDir": "cypress/reports",
        "overwrite": false,
        "html": true,
        "json": true
      },
      "version": "6.2.0"
    }
  }
}